<?xml version="1.0" encoding="UTF-8"?>
<coverage generated="1771498671454" clover="3.2.0">
  <project timestamp="1771498671454" name="All files">
    <metrics statements="132" coveredstatements="130" conditionals="97" coveredconditionals="96" methods="21" coveredmethods="20" elements="250" coveredelements="246" complexity="0" loc="132" ncloc="132" packages="4" files="5" classes="5"/>
    <package name="src">
      <metrics statements="1" coveredstatements="1" conditionals="0" coveredconditionals="0" methods="1" coveredmethods="1"/>
      <file name="App.js" path="C:\Users\pierr\Documents\Ynov\Cours\Tests\Activite1\my-app\src\App.js">
        <metrics statements="1" coveredstatements="1" conditionals="0" coveredconditionals="0" methods="1" coveredmethods="1"/>
        <line num="24" count="3" type="stmt"/>
      </file>
    </package>
    <package name="src.pages">
      <metrics statements="70" coveredstatements="68" conditionals="50" coveredconditionals="49" methods="12" coveredmethods="11"/>
      <file name="Home.js" path="C:\Users\pierr\Documents\Ynov\Cours\Tests\Activite1\my-app\src\pages\Home.js">
        <metrics statements="9" coveredstatements="7" conditionals="2" coveredconditionals="1" methods="3" coveredmethods="2"/>
        <line num="17" count="1" type="stmt"/>
        <line num="18" count="4" type="stmt"/>
        <line num="20" count="4" type="stmt"/>
        <line num="21" count="2" type="stmt"/>
        <line num="22" count="2" type="stmt"/>
        <line num="23" count="2" type="stmt"/>
        <line num="25" count="0" type="stmt"/>
        <line num="29" count="4" type="stmt"/>
        <line num="40" count="0" type="stmt"/>
      </file>
      <file name="RegistrationForm.js" path="C:\Users\pierr\Documents\Ynov\Cours\Tests\Activite1\my-app\src\pages\RegistrationForm.js">
        <metrics statements="61" coveredstatements="61" conditionals="48" coveredconditionals="48" methods="9" coveredmethods="9"/>
        <line num="17" count="2" type="stmt"/>
        <line num="18" count="81" type="stmt"/>
        <line num="27" count="81" type="stmt"/>
        <line num="28" count="81" type="stmt"/>
        <line num="36" count="81" type="stmt"/>
        <line num="37" count="44" type="stmt"/>
        <line num="38" count="44" type="stmt"/>
        <line num="44" count="44" type="cond" truecount="2" falsecount="0"/>
        <line num="45" count="2" type="stmt"/>
        <line num="52" count="44" type="cond" truecount="2" falsecount="0"/>
        <line num="53" count="1" type="stmt"/>
        <line num="63" count="81" type="stmt"/>
        <line num="64" count="10" type="stmt"/>
        <line num="65" count="10" type="stmt"/>
        <line num="66" count="10" type="stmt"/>
        <line num="67" count="10" type="cond" truecount="2" falsecount="0"/>
        <line num="68" count="8" type="cond" truecount="2" falsecount="0"/>
        <line num="69" count="7" type="cond" truecount="2" falsecount="0"/>
        <line num="70" count="5" type="cond" truecount="2" falsecount="0"/>
        <line num="71" count="4" type="cond" truecount="2" falsecount="0"/>
        <line num="72" count="3" type="cond" truecount="2" falsecount="0"/>
        <line num="74" count="9" type="stmt"/>
        <line num="77" count="10" type="cond" truecount="2" falsecount="0"/>
        <line num="78" count="9" type="stmt"/>
        <line num="88" count="81" type="stmt"/>
        <line num="89" count="81" type="stmt"/>
        <line num="90" count="81" type="stmt"/>
        <line num="100" count="81" type="stmt"/>
        <line num="101" count="87" type="stmt"/>
        <line num="103" count="87" type="stmt"/>
        <line num="104" count="87" type="stmt"/>
        <line num="106" count="47" type="stmt"/>
        <line num="109" count="87" type="stmt"/>
        <line num="110" count="87" type="stmt"/>
        <line num="112" count="56" type="stmt"/>
        <line num="115" count="87" type="stmt"/>
        <line num="116" count="87" type="stmt"/>
        <line num="118" count="59" type="stmt"/>
        <line num="121" count="87" type="stmt"/>
        <line num="122" count="87" type="stmt"/>
        <line num="124" count="76" type="stmt"/>
        <line num="127" count="87" type="stmt"/>
        <line num="128" count="87" type="stmt"/>
        <line num="130" count="66" type="stmt"/>
        <line num="133" count="87" type="stmt"/>
        <line num="134" count="87" type="stmt"/>
        <line num="136" count="71" type="stmt"/>
        <line num="139" count="87" type="stmt"/>
        <line num="148" count="81" type="stmt"/>
        <line num="149" count="6" type="stmt"/>
        <line num="151" count="6" type="stmt"/>
        <line num="153" count="6" type="cond" truecount="2" falsecount="0"/>
        <line num="154" count="5" type="stmt"/>
        <line num="155" count="5" type="stmt"/>
        <line num="156" count="4" type="stmt"/>
        <line num="157" count="4" type="stmt"/>
        <line num="159" count="4" type="stmt"/>
        <line num="168" count="1" type="stmt"/>
        <line num="171" count="1" type="stmt"/>
        <line num="172" count="1" type="stmt"/>
        <line num="176" count="81" type="stmt"/>
      </file>
    </package>
    <package name="src.styles">
      <metrics statements="1" coveredstatements="1" conditionals="0" coveredconditionals="0" methods="0" coveredmethods="0"/>
      <file name="Home.css" path="C:\Users\pierr\Documents\Ynov\Cours\Tests\Activite1\my-app\src\styles\Home.css">
        <metrics statements="1" coveredstatements="1" conditionals="0" coveredconditionals="0" methods="0" coveredmethods="0"/>
        <line num="1" count="1" type="stmt"/>
      </file>
    </package>
    <package name="src.utils">
      <metrics statements="60" coveredstatements="60" conditionals="47" coveredconditionals="47" methods="8" coveredmethods="8"/>
      <file name="validator.js" path="C:\Users\pierr\Documents\Ynov\Cours\Tests\Activite1\my-app\src\utils\validator.js">
        <metrics statements="60" coveredstatements="60" conditionals="47" coveredconditionals="47" methods="8" coveredmethods="8"/>
        <line num="11" count="412" type="stmt"/>
        <line num="12" count="412" type="stmt"/>
        <line num="13" count="412" type="stmt"/>
        <line num="24" count="102" type="cond" truecount="2" falsecount="0"/>
        <line num="25" count="2" type="stmt"/>
        <line num="27" count="100" type="cond" truecount="2" falsecount="0"/>
        <line num="28" count="1" type="stmt"/>
        <line num="30" count="99" type="cond" truecount="2" falsecount="0"/>
        <line num="31" count="1" type="stmt"/>
        <line num="33" count="98" type="cond" truecount="2" falsecount="0"/>
        <line num="34" count="1" type="stmt"/>
        <line num="36" count="97" type="cond" truecount="2" falsecount="0"/>
        <line num="37" count="63" type="stmt"/>
        <line num="39" count="34" type="cond" truecount="2" falsecount="0"/>
        <line num="40" count="4" type="stmt"/>
        <line num="43" count="30" type="stmt"/>
        <line num="44" count="30" type="stmt"/>
        <line num="45" count="30" type="stmt"/>
        <line num="47" count="30" type="cond" truecount="5" falsecount="0"/>
        <line num="48" count="2" type="stmt"/>
        <line num="50" count="30" type="cond" truecount="2" falsecount="0"/>
        <line num="51" count="6" type="stmt"/>
        <line num="53" count="24" type="stmt"/>
        <line num="63" count="94" type="cond" truecount="2" falsecount="0"/>
        <line num="64" count="75" type="stmt"/>
        <line num="66" count="19" type="cond" truecount="2" falsecount="0"/>
        <line num="67" count="1" type="stmt"/>
        <line num="69" count="18" type="cond" truecount="2" falsecount="0"/>
        <line num="70" count="6" type="stmt"/>
        <line num="72" count="12" type="stmt"/>
        <line num="82" count="186" type="cond" truecount="2" falsecount="0"/>
        <line num="83" count="98" type="stmt"/>
        <line num="85" count="88" type="cond" truecount="2" falsecount="0"/>
        <line num="86" count="1" type="stmt"/>
        <line num="88" count="87" type="cond" truecount="2" falsecount="0"/>
        <line num="89" count="12" type="stmt"/>
        <line num="91" count="75" type="stmt"/>
        <line num="101" count="93" type="cond" truecount="2" falsecount="0"/>
        <line num="102" count="56" type="stmt"/>
        <line num="104" count="37" type="cond" truecount="2" falsecount="0"/>
        <line num="105" count="1" type="stmt"/>
        <line num="107" count="36" type="cond" truecount="2" falsecount="0"/>
        <line num="108" count="7" type="stmt"/>
        <line num="110" count="29" type="stmt"/>
        <line num="120" count="93" type="cond" truecount="2" falsecount="0"/>
        <line num="121" count="70" type="stmt"/>
        <line num="123" count="23" type="cond" truecount="2" falsecount="0"/>
        <line num="124" count="1" type="stmt"/>
        <line num="126" count="22" type="cond" truecount="2" falsecount="0"/>
        <line num="127" count="4" type="stmt"/>
        <line num="129" count="18" type="stmt"/>
        <line num="139" count="6" type="stmt"/>
        <line num="140" count="6" type="cond" truecount="2" falsecount="0"/>
        <line num="141" count="6" type="stmt"/>
        <line num="145" count="6" type="stmt"/>
        <line num="146" count="5" type="stmt"/>
        <line num="148" count="1" type="stmt"/>
        <line num="158" count="5" type="stmt"/>
        <line num="159" count="5" type="cond" truecount="2" falsecount="0"/>
        <line num="161" count="1" type="stmt"/>
      </file>
    </package>
  </project>
</coverage>
