<?xml version="1.0" encoding="UTF-8"?>
<coverage generated="1771506682812" clover="3.2.0">
  <project timestamp="1771506682812" name="All files">
    <metrics statements="138" coveredstatements="138" conditionals="104" coveredconditionals="104" methods="22" coveredmethods="22" elements="264" coveredelements="264" complexity="0" loc="138" ncloc="138" packages="4" files="5" classes="5"/>
    <package name="src">
      <metrics statements="12" coveredstatements="12" conditionals="0" coveredconditionals="0" methods="3" coveredmethods="3"/>
      <file name="App.js" path="C:\Users\pierr\Documents\Ynov\Cours\Tests\Activite1\my-app\src\App.js">
        <metrics statements="12" coveredstatements="12" conditionals="0" coveredconditionals="0" methods="3" coveredmethods="3"/>
        <line num="26" count="10" type="stmt"/>
        <line num="29" count="10" type="stmt"/>
        <line num="30" count="5" type="stmt"/>
        <line num="31" count="5" type="stmt"/>
        <line num="32" count="4" type="stmt"/>
        <line num="34" count="1" type="stmt"/>
        <line num="39" count="10" type="stmt"/>
        <line num="40" count="1" type="stmt"/>
        <line num="41" count="1" type="stmt"/>
        <line num="42" count="1" type="stmt"/>
        <line num="43" count="1" type="stmt"/>
        <line num="46" count="10" type="stmt"/>
      </file>
    </package>
    <package name="src.pages">
      <metrics statements="65" coveredstatements="65" conditionals="57" coveredconditionals="57" methods="11" coveredmethods="11"/>
      <file name="Home.js" path="C:\Users\pierr\Documents\Ynov\Cours\Tests\Activite1\my-app\src\pages\Home.js">
        <metrics statements="3" coveredstatements="3" conditionals="7" coveredconditionals="7" methods="2" coveredmethods="2"/>
        <line num="18" count="2" type="cond" truecount="1" falsecount="0"/>
        <line num="19" count="11" type="stmt"/>
        <line num="35" count="3" type="stmt"/>
      </file>
      <file name="RegistrationForm.js" path="C:\Users\pierr\Documents\Ynov\Cours\Tests\Activite1\my-app\src\pages\RegistrationForm.js">
        <metrics statements="62" coveredstatements="62" conditionals="50" coveredconditionals="50" methods="9" coveredmethods="9"/>
        <line num="19" count="2" type="stmt"/>
        <line num="20" count="101" type="stmt"/>
        <line num="29" count="101" type="stmt"/>
        <line num="30" count="101" type="stmt"/>
        <line num="38" count="101" type="stmt"/>
        <line num="39" count="57" type="stmt"/>
        <line num="40" count="57" type="stmt"/>
        <line num="46" count="57" type="cond" truecount="2" falsecount="0"/>
        <line num="47" count="2" type="stmt"/>
        <line num="54" count="57" type="cond" truecount="2" falsecount="0"/>
        <line num="55" count="1" type="stmt"/>
        <line num="65" count="101" type="stmt"/>
        <line num="66" count="10" type="stmt"/>
        <line num="67" count="10" type="stmt"/>
        <line num="68" count="10" type="stmt"/>
        <line num="69" count="10" type="cond" truecount="2" falsecount="0"/>
        <line num="70" count="8" type="cond" truecount="2" falsecount="0"/>
        <line num="71" count="7" type="cond" truecount="2" falsecount="0"/>
        <line num="72" count="5" type="cond" truecount="2" falsecount="0"/>
        <line num="73" count="4" type="cond" truecount="2" falsecount="0"/>
        <line num="74" count="3" type="cond" truecount="2" falsecount="0"/>
        <line num="76" count="9" type="stmt"/>
        <line num="79" count="10" type="cond" truecount="2" falsecount="0"/>
        <line num="80" count="9" type="stmt"/>
        <line num="90" count="101" type="stmt"/>
        <line num="91" count="101" type="stmt"/>
        <line num="92" count="101" type="stmt"/>
        <line num="102" count="101" type="stmt"/>
        <line num="103" count="109" type="stmt"/>
        <line num="105" count="109" type="stmt"/>
        <line num="106" count="109" type="stmt"/>
        <line num="108" count="54" type="stmt"/>
        <line num="111" count="109" type="stmt"/>
        <line num="112" count="109" type="stmt"/>
        <line num="114" count="66" type="stmt"/>
        <line num="117" count="109" type="stmt"/>
        <line num="118" count="109" type="stmt"/>
        <line num="120" count="71" type="stmt"/>
        <line num="123" count="109" type="stmt"/>
        <line num="124" count="109" type="stmt"/>
        <line num="126" count="94" type="stmt"/>
        <line num="129" count="109" type="stmt"/>
        <line num="130" count="109" type="stmt"/>
        <line num="132" count="80" type="stmt"/>
        <line num="135" count="109" type="stmt"/>
        <line num="136" count="109" type="stmt"/>
        <line num="138" count="87" type="stmt"/>
        <line num="141" count="109" type="stmt"/>
        <line num="150" count="101" type="stmt"/>
        <line num="151" count="8" type="stmt"/>
        <line num="153" count="8" type="stmt"/>
        <line num="155" count="8" type="cond" truecount="2" falsecount="0"/>
        <line num="156" count="7" type="stmt"/>
        <line num="158" count="7" type="cond" truecount="2" falsecount="0"/>
        <line num="159" count="6" type="stmt"/>
        <line num="161" count="6" type="stmt"/>
        <line num="162" count="6" type="stmt"/>
        <line num="164" count="6" type="stmt"/>
        <line num="173" count="1" type="stmt"/>
        <line num="176" count="1" type="stmt"/>
        <line num="177" count="1" type="stmt"/>
        <line num="181" count="101" type="stmt"/>
      </file>
    </package>
    <package name="src.styles">
      <metrics statements="1" coveredstatements="1" conditionals="0" coveredconditionals="0" methods="0" coveredmethods="0"/>
      <file name="Home.css" path="C:\Users\pierr\Documents\Ynov\Cours\Tests\Activite1\my-app\src\styles\Home.css">
        <metrics statements="1" coveredstatements="1" conditionals="0" coveredconditionals="0" methods="0" coveredmethods="0"/>
        <line num="1" count="2" type="stmt"/>
      </file>
    </package>
    <package name="src.utils">
      <metrics statements="60" coveredstatements="60" conditionals="47" coveredconditionals="47" methods="8" coveredmethods="8"/>
      <file name="validator.js" path="C:\Users\pierr\Documents\Ynov\Cours\Tests\Activite1\my-app\src\utils\validator.js">
        <metrics statements="60" coveredstatements="60" conditionals="47" coveredconditionals="47" methods="8" coveredmethods="8"/>
        <line num="11" count="489" type="stmt"/>
        <line num="12" count="489" type="stmt"/>
        <line num="13" count="489" type="stmt"/>
        <line num="24" count="124" type="cond" truecount="2" falsecount="0"/>
        <line num="25" count="2" type="stmt"/>
        <line num="27" count="122" type="cond" truecount="2" falsecount="0"/>
        <line num="28" count="1" type="stmt"/>
        <line num="30" count="121" type="cond" truecount="2" falsecount="0"/>
        <line num="31" count="1" type="stmt"/>
        <line num="33" count="120" type="cond" truecount="2" falsecount="0"/>
        <line num="34" count="1" type="stmt"/>
        <line num="36" count="119" type="cond" truecount="2" falsecount="0"/>
        <line num="37" count="77" type="stmt"/>
        <line num="39" count="42" type="cond" truecount="2" falsecount="0"/>
        <line num="40" count="4" type="stmt"/>
        <line num="43" count="38" type="stmt"/>
        <line num="44" count="38" type="stmt"/>
        <line num="45" count="38" type="stmt"/>
        <line num="47" count="38" type="cond" truecount="5" falsecount="0"/>
        <line num="48" count="2" type="stmt"/>
        <line num="50" count="38" type="cond" truecount="2" falsecount="0"/>
        <line num="51" count="6" type="stmt"/>
        <line num="53" count="32" type="stmt"/>
        <line num="63" count="116" type="cond" truecount="2" falsecount="0"/>
        <line num="64" count="93" type="stmt"/>
        <line num="66" count="23" type="cond" truecount="2" falsecount="0"/>
        <line num="67" count="1" type="stmt"/>
        <line num="69" count="22" type="cond" truecount="2" falsecount="0"/>
        <line num="70" count="6" type="stmt"/>
        <line num="72" count="16" type="stmt"/>
        <line num="82" count="230" type="cond" truecount="2" falsecount="0"/>
        <line num="83" count="115" type="stmt"/>
        <line num="85" count="115" type="cond" truecount="2" falsecount="0"/>
        <line num="86" count="1" type="stmt"/>
        <line num="88" count="114" type="cond" truecount="2" falsecount="0"/>
        <line num="89" count="12" type="stmt"/>
        <line num="91" count="102" type="stmt"/>
        <line num="101" count="115" type="cond" truecount="2" falsecount="0"/>
        <line num="102" count="68" type="stmt"/>
        <line num="104" count="47" type="cond" truecount="2" falsecount="0"/>
        <line num="105" count="1" type="stmt"/>
        <line num="107" count="46" type="cond" truecount="2" falsecount="0"/>
        <line num="108" count="7" type="stmt"/>
        <line num="110" count="39" type="stmt"/>
        <line num="120" count="115" type="cond" truecount="2" falsecount="0"/>
        <line num="121" count="86" type="stmt"/>
        <line num="123" count="29" type="cond" truecount="2" falsecount="0"/>
        <line num="124" count="1" type="stmt"/>
        <line num="126" count="28" type="cond" truecount="2" falsecount="0"/>
        <line num="127" count="4" type="stmt"/>
        <line num="129" count="24" type="stmt"/>
        <line num="139" count="2" type="stmt"/>
        <line num="140" count="2" type="cond" truecount="2" falsecount="0"/>
        <line num="141" count="2" type="stmt"/>
        <line num="145" count="2" type="stmt"/>
        <line num="146" count="1" type="stmt"/>
        <line num="148" count="1" type="stmt"/>
        <line num="158" count="7" type="stmt"/>
        <line num="159" count="7" type="cond" truecount="2" falsecount="0"/>
        <line num="161" count="1" type="stmt"/>
      </file>
    </package>
  </project>
</coverage>
