{"C:\\Users\\pierr\\Documents\\Ynov\\Cours\\Tests\\Activite1\\my-app\\src\\App.js": {"path":"C:\\Users\\pierr\\Documents\\Ynov\\Cours\\Tests\\Activite1\\my-app\\src\\App.js","statementMap":{"0":{"start":{"line":29,"column":28},"end":{"line":29,"column":40}},"1":{"start":{"line":32,"column":2},"end":{"line":39,"column":9}},"2":{"start":{"line":33,"column":4},"end":{"line":38,"column":5}},"3":{"start":{"line":34,"column":19},"end":{"line":34,"column":40}},"4":{"start":{"line":35,"column":6},"end":{"line":35,"column":21}},"5":{"start":{"line":37,"column":6},"end":{"line":37,"column":57}},"6":{"start":{"line":47,"column":24},"end":{"line":52,"column":3}},"7":{"start":{"line":48,"column":30},"end":{"line":48,"column":81}},"8":{"start":{"line":49,"column":25},"end":{"line":49,"column":54}},"9":{"start":{"line":50,"column":4},"end":{"line":50,"column":27}},"10":{"start":{"line":51,"column":4},"end":{"line":51,"column":72}},"11":{"start":{"line":54,"column":2},"end":{"line":62,"column":4}}},"fnMap":{"0":{"name":"App","decl":{"start":{"line":27,"column":9},"end":{"line":27,"column":12}},"loc":{"start":{"line":27,"column":15},"end":{"line":63,"column":1}},"line":27},"1":{"name":"(anonymous_1)","decl":{"start":{"line":32,"column":12},"end":{"line":32,"column":13}},"loc":{"start":{"line":32,"column":18},"end":{"line":39,"column":3}},"line":32},"2":{"name":"(anonymous_2)","decl":{"start":{"line":47,"column":24},"end":{"line":47,"column":25}},"loc":{"start":{"line":47,"column":37},"end":{"line":52,"column":3}},"line":47}},"branchMap":{},"s":{"0":12,"1":12,"2":6,"3":6,"4":5,"5":1,"6":12,"7":1,"8":1,"9":1,"10":1,"11":12},"f":{"0":12,"1":6,"2":1},"b":{},"_coverageSchema":"1a1c01bbd47fc00a2c39e90264f33305004495a9","hash":"18e54d5dc712e12a0b5d7753e864106767e6196f"}
,"C:\\Users\\pierr\\Documents\\Ynov\\Cours\\Tests\\Activite1\\my-app\\src\\pages\\Home.js": {"path":"C:\\Users\\pierr\\Documents\\Ynov\\Cours\\Tests\\Activite1\\my-app\\src\\pages\\Home.js","statementMap":{"0":{"start":{"line":27,"column":13},"end":{"line":58,"column":1}},"1":{"start":{"line":28,"column":4},"end":{"line":57,"column":6}},"2":{"start":{"line":44,"column":24},"end":{"line":50,"column":30}}},"fnMap":{"0":{"name":"(anonymous_0)","decl":{"start":{"line":27,"column":13},"end":{"line":27,"column":14}},"loc":{"start":{"line":27,"column":33},"end":{"line":58,"column":1}},"line":27},"1":{"name":"(anonymous_1)","decl":{"start":{"line":43,"column":30},"end":{"line":43,"column":31}},"loc":{"start":{"line":44,"column":24},"end":{"line":50,"column":30}},"line":44}},"branchMap":{"0":{"loc":{"start":{"line":27,"column":16},"end":{"line":27,"column":26}},"type":"default-arg","locations":[{"start":{"line":27,"column":24},"end":{"line":27,"column":26}}],"line":27},"1":{"loc":{"start":{"line":31,"column":13},"end":{"line":35,"column":13}},"type":"binary-expr","locations":[{"start":{"line":31,"column":13},"end":{"line":31,"column":29}},{"start":{"line":32,"column":16},"end":{"line":34,"column":21}}],"line":31},"2":{"loc":{"start":{"line":33,"column":51},"end":{"line":33,"column":78}},"type":"cond-expr","locations":[{"start":{"line":33,"column":70},"end":{"line":33,"column":73}},{"start":{"line":33,"column":76},"end":{"line":33,"column":78}}],"line":33},"3":{"loc":{"start":{"line":38,"column":17},"end":{"line":52,"column":17}},"type":"cond-expr","locations":[{"start":{"line":39,"column":20},"end":{"line":41,"column":26}},{"start":{"line":43,"column":20},"end":{"line":51,"column":22}}],"line":38}},"s":{"0":2,"1":11,"2":3},"f":{"0":11,"1":3},"b":{"0":[1],"1":[11,2],"2":[1,1],"3":[9,2]},"_coverageSchema":"1a1c01bbd47fc00a2c39e90264f33305004495a9","hash":"8af3d4b78f817ef7cbb01bcded590d22d747e290"}
,"C:\\Users\\pierr\\Documents\\Ynov\\Cours\\Tests\\Activite1\\my-app\\src\\pages\\NotFound.js": {"path":"C:\\Users\\pierr\\Documents\\Ynov\\Cours\\Tests\\Activite1\\my-app\\src\\pages\\NotFound.js","statementMap":{"0":{"start":{"line":16,"column":17},"end":{"line":29,"column":1}},"1":{"start":{"line":17,"column":4},"end":{"line":28,"column":6}}},"fnMap":{"0":{"name":"(anonymous_0)","decl":{"start":{"line":16,"column":17},"end":{"line":16,"column":18}},"loc":{"start":{"line":16,"column":23},"end":{"line":29,"column":1}},"line":16}},"branchMap":{},"s":{"0":2,"1":5},"f":{"0":5},"b":{},"_coverageSchema":"1a1c01bbd47fc00a2c39e90264f33305004495a9","hash":"bac10fcafb7568df17f657562646aea82884ed31"}
,"C:\\Users\\pierr\\Documents\\Ynov\\Cours\\Tests\\Activite1\\my-app\\src\\pages\\RegistrationForm.js": {"path":"C:\\Users\\pierr\\Documents\\Ynov\\Cours\\Tests\\Activite1\\my-app\\src\\pages\\RegistrationForm.js","statementMap":{"0":{"start":{"line":21,"column":25},"end":{"line":326,"column":1}},"1":{"start":{"line":22,"column":36},"end":{"line":29,"column":6}},"2":{"start":{"line":31,"column":32},"end":{"line":31,"column":44}},"3":{"start":{"line":32,"column":48},"end":{"line":32,"column":60}},"4":{"start":{"line":40,"column":25},"end":{"line":59,"column":5}},"5":{"start":{"line":41,"column":32},"end":{"line":41,"column":40}},"6":{"start":{"line":42,"column":8},"end":{"line":45,"column":12}},"7":{"start":{"line":42,"column":29},"end":{"line":45,"column":9}},"8":{"start":{"line":48,"column":8},"end":{"line":53,"column":9}},"9":{"start":{"line":49,"column":12},"end":{"line":52,"column":16}},"10":{"start":{"line":49,"column":31},"end":{"line":52,"column":13}},"11":{"start":{"line":56,"column":8},"end":{"line":58,"column":9}},"12":{"start":{"line":57,"column":12},"end":{"line":57,"column":34}},"13":{"start":{"line":67,"column":23},"end":{"line":84,"column":5}},"14":{"start":{"line":68,"column":32},"end":{"line":68,"column":40}},"15":{"start":{"line":69,"column":23},"end":{"line":69,"column":25}},"16":{"start":{"line":70,"column":8},"end":{"line":79,"column":9}},"17":{"start":{"line":71,"column":12},"end":{"line":71,"column":62}},"18":{"start":{"line":71,"column":38},"end":{"line":71,"column":62}},"19":{"start":{"line":72,"column":12},"end":{"line":72,"column":61}},"20":{"start":{"line":72,"column":37},"end":{"line":72,"column":61}},"21":{"start":{"line":73,"column":12},"end":{"line":73,"column":55}},"22":{"start":{"line":73,"column":34},"end":{"line":73,"column":55}},"23":{"start":{"line":74,"column":12},"end":{"line":74,"column":65}},"24":{"start":{"line":74,"column":39},"end":{"line":74,"column":65}},"25":{"start":{"line":75,"column":12},"end":{"line":75,"column":53}},"26":{"start":{"line":75,"column":33},"end":{"line":75,"column":53}},"27":{"start":{"line":76,"column":12},"end":{"line":76,"column":79}},"28":{"start":{"line":76,"column":38},"end":{"line":76,"column":79}},"29":{"start":{"line":78,"column":12},"end":{"line":78,"column":33}},"30":{"start":{"line":81,"column":8},"end":{"line":83,"column":9}},"31":{"start":{"line":82,"column":12},"end":{"line":82,"column":63}},"32":{"start":{"line":82,"column":31},"end":{"line":82,"column":60}},"33":{"start":{"line":92,"column":24},"end":{"line":95,"column":5}},"34":{"start":{"line":93,"column":28},"end":{"line":93,"column":50}},"35":{"start":{"line":94,"column":8},"end":{"line":94,"column":23}},"36":{"start":{"line":104,"column":25},"end":{"line":144,"column":5}},"37":{"start":{"line":105,"column":23},"end":{"line":105,"column":25}},"38":{"start":{"line":107,"column":8},"end":{"line":111,"column":9}},"39":{"start":{"line":108,"column":12},"end":{"line":108,"column":45}},"40":{"start":{"line":110,"column":12},"end":{"line":110,"column":41}},"41":{"start":{"line":113,"column":8},"end":{"line":117,"column":9}},"42":{"start":{"line":114,"column":12},"end":{"line":114,"column":44}},"43":{"start":{"line":116,"column":12},"end":{"line":116,"column":40}},"44":{"start":{"line":119,"column":8},"end":{"line":123,"column":9}},"45":{"start":{"line":120,"column":12},"end":{"line":120,"column":38}},"46":{"start":{"line":122,"column":12},"end":{"line":122,"column":37}},"47":{"start":{"line":125,"column":8},"end":{"line":129,"column":9}},"48":{"start":{"line":126,"column":12},"end":{"line":126,"column":48}},"49":{"start":{"line":128,"column":12},"end":{"line":128,"column":42}},"50":{"start":{"line":131,"column":8},"end":{"line":135,"column":9}},"51":{"start":{"line":132,"column":12},"end":{"line":132,"column":62}},"52":{"start":{"line":134,"column":12},"end":{"line":134,"column":41}},"53":{"start":{"line":137,"column":8},"end":{"line":141,"column":9}},"54":{"start":{"line":138,"column":12},"end":{"line":138,"column":36}},"55":{"start":{"line":140,"column":12},"end":{"line":140,"column":36}},"56":{"start":{"line":143,"column":8},"end":{"line":143,"column":69}},"57":{"start":{"line":153,"column":25},"end":{"line":182,"column":5}},"58":{"start":{"line":154,"column":8},"end":{"line":154,"column":27}},"59":{"start":{"line":156,"column":27},"end":{"line":156,"column":49}},"60":{"start":{"line":158,"column":8},"end":{"line":181,"column":9}},"61":{"start":{"line":159,"column":12},"end":{"line":177,"column":13}},"62":{"start":{"line":161,"column":16},"end":{"line":163,"column":17}},"63":{"start":{"line":162,"column":20},"end":{"line":162,"column":40}},"64":{"start":{"line":164,"column":16},"end":{"line":164,"column":62}},"65":{"start":{"line":165,"column":16},"end":{"line":165,"column":30}},"66":{"start":{"line":167,"column":16},"end":{"line":174,"column":19}},"67":{"start":{"line":176,"column":16},"end":{"line":176,"column":49}},"68":{"start":{"line":179,"column":12},"end":{"line":179,"column":41}},"69":{"start":{"line":180,"column":12},"end":{"line":180,"column":34}},"70":{"start":{"line":184,"column":4},"end":{"line":325,"column":6}}},"fnMap":{"0":{"name":"(anonymous_0)","decl":{"start":{"line":21,"column":25},"end":{"line":21,"column":26}},"loc":{"start":{"line":21,"column":44},"end":{"line":326,"column":1}},"line":21},"1":{"name":"(anonymous_1)","decl":{"start":{"line":40,"column":25},"end":{"line":40,"column":26}},"loc":{"start":{"line":40,"column":32},"end":{"line":59,"column":5}},"line":40},"2":{"name":"(anonymous_2)","decl":{"start":{"line":42,"column":20},"end":{"line":42,"column":21}},"loc":{"start":{"line":42,"column":29},"end":{"line":45,"column":9}},"line":42},"3":{"name":"(anonymous_3)","decl":{"start":{"line":49,"column":22},"end":{"line":49,"column":23}},"loc":{"start":{"line":49,"column":31},"end":{"line":52,"column":13}},"line":49},"4":{"name":"(anonymous_4)","decl":{"start":{"line":67,"column":23},"end":{"line":67,"column":24}},"loc":{"start":{"line":67,"column":30},"end":{"line":84,"column":5}},"line":67},"5":{"name":"(anonymous_5)","decl":{"start":{"line":82,"column":22},"end":{"line":82,"column":23}},"loc":{"start":{"line":82,"column":31},"end":{"line":82,"column":60}},"line":82},"6":{"name":"(anonymous_6)","decl":{"start":{"line":92,"column":24},"end":{"line":92,"column":25}},"loc":{"start":{"line":92,"column":30},"end":{"line":95,"column":5}},"line":92},"7":{"name":"(anonymous_7)","decl":{"start":{"line":104,"column":25},"end":{"line":104,"column":26}},"loc":{"start":{"line":104,"column":35},"end":{"line":144,"column":5}},"line":104},"8":{"name":"(anonymous_8)","decl":{"start":{"line":153,"column":25},"end":{"line":153,"column":26}},"loc":{"start":{"line":153,"column":32},"end":{"line":182,"column":5}},"line":153}},"branchMap":{"0":{"loc":{"start":{"line":48,"column":8},"end":{"line":53,"column":9}},"type":"if","locations":[{"start":{"line":48,"column":8},"end":{"line":53,"column":9}},{"start":{},"end":{}}],"line":48},"1":{"loc":{"start":{"line":56,"column":8},"end":{"line":58,"column":9}},"type":"if","locations":[{"start":{"line":56,"column":8},"end":{"line":58,"column":9}},{"start":{},"end":{}}],"line":56},"2":{"loc":{"start":{"line":71,"column":12},"end":{"line":71,"column":62}},"type":"if","locations":[{"start":{"line":71,"column":12},"end":{"line":71,"column":62}},{"start":{},"end":{}}],"line":71},"3":{"loc":{"start":{"line":72,"column":12},"end":{"line":72,"column":61}},"type":"if","locations":[{"start":{"line":72,"column":12},"end":{"line":72,"column":61}},{"start":{},"end":{}}],"line":72},"4":{"loc":{"start":{"line":73,"column":12},"end":{"line":73,"column":55}},"type":"if","locations":[{"start":{"line":73,"column":12},"end":{"line":73,"column":55}},{"start":{},"end":{}}],"line":73},"5":{"loc":{"start":{"line":74,"column":12},"end":{"line":74,"column":65}},"type":"if","locations":[{"start":{"line":74,"column":12},"end":{"line":74,"column":65}},{"start":{},"end":{}}],"line":74},"6":{"loc":{"start":{"line":75,"column":12},"end":{"line":75,"column":53}},"type":"if","locations":[{"start":{"line":75,"column":12},"end":{"line":75,"column":53}},{"start":{},"end":{}}],"line":75},"7":{"loc":{"start":{"line":76,"column":12},"end":{"line":76,"column":79}},"type":"if","locations":[{"start":{"line":76,"column":12},"end":{"line":76,"column":79}},{"start":{},"end":{}}],"line":76},"8":{"loc":{"start":{"line":81,"column":8},"end":{"line":83,"column":9}},"type":"if","locations":[{"start":{"line":81,"column":8},"end":{"line":83,"column":9}},{"start":{},"end":{}}],"line":81},"9":{"loc":{"start":{"line":158,"column":8},"end":{"line":181,"column":9}},"type":"if","locations":[{"start":{"line":158,"column":8},"end":{"line":181,"column":9}},{"start":{"line":178,"column":15},"end":{"line":181,"column":9}}],"line":158},"10":{"loc":{"start":{"line":161,"column":16},"end":{"line":163,"column":17}},"type":"if","locations":[{"start":{"line":161,"column":16},"end":{"line":163,"column":17}},{"start":{},"end":{}}],"line":161},"11":{"loc":{"start":{"line":188,"column":13},"end":{"line":192,"column":13}},"type":"binary-expr","locations":[{"start":{"line":188,"column":13},"end":{"line":188,"column":27}},{"start":{"line":189,"column":16},"end":{"line":191,"column":22}}],"line":188},"12":{"loc":{"start":{"line":204,"column":35},"end":{"line":204,"column":66}},"type":"cond-expr","locations":[{"start":{"line":204,"column":54},"end":{"line":204,"column":61}},{"start":{"line":204,"column":64},"end":{"line":204,"column":66}}],"line":204},"13":{"loc":{"start":{"line":207,"column":21},"end":{"line":211,"column":21}},"type":"binary-expr","locations":[{"start":{"line":207,"column":21},"end":{"line":207,"column":37}},{"start":{"line":208,"column":24},"end":{"line":210,"column":31}}],"line":207},"14":{"loc":{"start":{"line":223,"column":35},"end":{"line":223,"column":65}},"type":"cond-expr","locations":[{"start":{"line":223,"column":53},"end":{"line":223,"column":60}},{"start":{"line":223,"column":63},"end":{"line":223,"column":65}}],"line":223},"15":{"loc":{"start":{"line":226,"column":21},"end":{"line":230,"column":21}},"type":"binary-expr","locations":[{"start":{"line":226,"column":21},"end":{"line":226,"column":36}},{"start":{"line":227,"column":24},"end":{"line":229,"column":31}}],"line":226},"16":{"loc":{"start":{"line":242,"column":35},"end":{"line":242,"column":62}},"type":"cond-expr","locations":[{"start":{"line":242,"column":50},"end":{"line":242,"column":57}},{"start":{"line":242,"column":60},"end":{"line":242,"column":62}}],"line":242},"17":{"loc":{"start":{"line":245,"column":21},"end":{"line":249,"column":21}},"type":"binary-expr","locations":[{"start":{"line":245,"column":21},"end":{"line":245,"column":33}},{"start":{"line":246,"column":24},"end":{"line":248,"column":31}}],"line":245},"18":{"loc":{"start":{"line":261,"column":35},"end":{"line":261,"column":66}},"type":"cond-expr","locations":[{"start":{"line":261,"column":54},"end":{"line":261,"column":61}},{"start":{"line":261,"column":64},"end":{"line":261,"column":66}}],"line":261},"19":{"loc":{"start":{"line":265,"column":21},"end":{"line":269,"column":21}},"type":"binary-expr","locations":[{"start":{"line":265,"column":21},"end":{"line":265,"column":37}},{"start":{"line":266,"column":24},"end":{"line":268,"column":31}}],"line":265},"20":{"loc":{"start":{"line":281,"column":35},"end":{"line":281,"column":61}},"type":"cond-expr","locations":[{"start":{"line":281,"column":49},"end":{"line":281,"column":56}},{"start":{"line":281,"column":59},"end":{"line":281,"column":61}}],"line":281},"21":{"loc":{"start":{"line":284,"column":21},"end":{"line":288,"column":21}},"type":"binary-expr","locations":[{"start":{"line":284,"column":21},"end":{"line":284,"column":32}},{"start":{"line":285,"column":24},"end":{"line":287,"column":31}}],"line":284},"22":{"loc":{"start":{"line":300,"column":35},"end":{"line":300,"column":67}},"type":"cond-expr","locations":[{"start":{"line":300,"column":55},"end":{"line":300,"column":62}},{"start":{"line":300,"column":65},"end":{"line":300,"column":67}}],"line":300},"23":{"loc":{"start":{"line":304,"column":21},"end":{"line":308,"column":21}},"type":"binary-expr","locations":[{"start":{"line":304,"column":21},"end":{"line":304,"column":38}},{"start":{"line":305,"column":24},"end":{"line":307,"column":31}}],"line":304},"24":{"loc":{"start":{"line":311,"column":17},"end":{"line":315,"column":17}},"type":"binary-expr","locations":[{"start":{"line":311,"column":17},"end":{"line":311,"column":30}},{"start":{"line":312,"column":20},"end":{"line":314,"column":26}}],"line":311}},"s":{"0":2,"1":101,"2":101,"3":101,"4":101,"5":57,"6":57,"7":57,"8":57,"9":2,"10":2,"11":57,"12":1,"13":101,"14":10,"15":10,"16":10,"17":10,"18":3,"19":8,"20":1,"21":7,"22":2,"23":5,"24":1,"25":4,"26":1,"27":3,"28":2,"29":9,"30":10,"31":9,"32":9,"33":101,"34":101,"35":101,"36":101,"37":109,"38":109,"39":109,"40":54,"41":109,"42":109,"43":66,"44":109,"45":109,"46":71,"47":109,"48":109,"49":94,"50":109,"51":109,"52":80,"53":109,"54":109,"55":87,"56":109,"57":101,"58":8,"59":8,"60":8,"61":7,"62":7,"63":6,"64":6,"65":6,"66":6,"67":1,"68":1,"69":1,"70":101},"f":{"0":101,"1":57,"2":57,"3":2,"4":10,"5":9,"6":101,"7":109,"8":8},"b":{"0":[2,55],"1":[1,56],"2":[3,7],"3":[1,7],"4":[2,5],"5":[1,4],"6":[1,3],"7":[2,1],"8":[9,1],"9":[7,1],"10":[6,1],"11":[101,6],"12":[3,98],"13":[101,3],"14":[2,99],"15":[101,2],"16":[3,98],"17":[101,3],"18":[3,98],"19":[101,3],"20":[2,99],"21":[101,2],"22":[2,99],"23":[101,2],"24":[101,1]},"_coverageSchema":"1a1c01bbd47fc00a2c39e90264f33305004495a9","hash":"990d0494d4cad60e54a2e9bcf219cf8dcf76e34c"}
,"C:\\Users\\pierr\\Documents\\Ynov\\Cours\\Tests\\Activite1\\my-app\\src\\styles\\Home.css": {"path":"C:\\Users\\pierr\\Documents\\Ynov\\Cours\\Tests\\Activite1\\my-app\\src\\styles\\Home.css","statementMap":{"0":{"start":{"line":1,"column":0},"end":{"line":1,"column":20}}},"fnMap":{},"branchMap":{},"s":{"0":2},"f":{},"b":{},"inputSourceMap":null,"_coverageSchema":"1a1c01bbd47fc00a2c39e90264f33305004495a9","hash":"94c2efbafdcdbfc36927d0c0e86638839ea3a2b0"}
,"C:\\Users\\pierr\\Documents\\Ynov\\Cours\\Tests\\Activite1\\my-app\\src\\utils\\validator.js": {"path":"C:\\Users\\pierr\\Documents\\Ynov\\Cours\\Tests\\Activite1\\my-app\\src\\utils\\validator.js","statementMap":{"0":{"start":{"line":11,"column":8},"end":{"line":11,"column":23}},"1":{"start":{"line":12,"column":8},"end":{"line":12,"column":38}},"2":{"start":{"line":13,"column":8},"end":{"line":13,"column":25}},"3":{"start":{"line":25,"column":4},"end":{"line":27,"column":5}},"4":{"start":{"line":26,"column":8},"end":{"line":26,"column":69}},"5":{"start":{"line":28,"column":4},"end":{"line":30,"column":5}},"6":{"start":{"line":29,"column":8},"end":{"line":29,"column":78}},"7":{"start":{"line":31,"column":4},"end":{"line":33,"column":5}},"8":{"start":{"line":32,"column":8},"end":{"line":32,"column":75}},"9":{"start":{"line":34,"column":4},"end":{"line":36,"column":5}},"10":{"start":{"line":35,"column":8},"end":{"line":35,"column":88}},"11":{"start":{"line":37,"column":4},"end":{"line":39,"column":5}},"12":{"start":{"line":38,"column":8},"end":{"line":38,"column":79}},"13":{"start":{"line":40,"column":4},"end":{"line":42,"column":5}},"14":{"start":{"line":41,"column":8},"end":{"line":41,"column":86}},"15":{"start":{"line":44,"column":18},"end":{"line":44,"column":28}},"16":{"start":{"line":45,"column":14},"end":{"line":45,"column":57}},"17":{"start":{"line":46,"column":14},"end":{"line":46,"column":51}},"18":{"start":{"line":48,"column":4},"end":{"line":50,"column":5}},"19":{"start":{"line":49,"column":8},"end":{"line":49,"column":14}},"20":{"start":{"line":51,"column":4},"end":{"line":53,"column":5}},"21":{"start":{"line":52,"column":8},"end":{"line":52,"column":80}},"22":{"start":{"line":54,"column":4},"end":{"line":54,"column":15}},"23":{"start":{"line":65,"column":4},"end":{"line":67,"column":5}},"24":{"start":{"line":66,"column":8},"end":{"line":66,"column":71}},"25":{"start":{"line":68,"column":4},"end":{"line":70,"column":5}},"26":{"start":{"line":69,"column":8},"end":{"line":69,"column":74}},"27":{"start":{"line":71,"column":4},"end":{"line":73,"column":5}},"28":{"start":{"line":72,"column":8},"end":{"line":72,"column":76}},"29":{"start":{"line":74,"column":4},"end":{"line":74,"column":16}},"30":{"start":{"line":85,"column":4},"end":{"line":87,"column":5}},"31":{"start":{"line":86,"column":8},"end":{"line":86,"column":71}},"32":{"start":{"line":88,"column":4},"end":{"line":90,"column":5}},"33":{"start":{"line":89,"column":8},"end":{"line":89,"column":74}},"34":{"start":{"line":91,"column":4},"end":{"line":93,"column":5}},"35":{"start":{"line":92,"column":8},"end":{"line":92,"column":106}},"36":{"start":{"line":94,"column":4},"end":{"line":94,"column":16}},"37":{"start":{"line":105,"column":4},"end":{"line":107,"column":5}},"38":{"start":{"line":106,"column":8},"end":{"line":106,"column":73}},"39":{"start":{"line":108,"column":4},"end":{"line":110,"column":5}},"40":{"start":{"line":109,"column":8},"end":{"line":109,"column":75}},"41":{"start":{"line":111,"column":4},"end":{"line":113,"column":5}},"42":{"start":{"line":112,"column":8},"end":{"line":112,"column":71}},"43":{"start":{"line":116,"column":4},"end":{"line":125,"column":5}},"44":{"start":{"line":117,"column":22},"end":{"line":117,"column":43}},"45":{"start":{"line":118,"column":8},"end":{"line":120,"column":9}},"46":{"start":{"line":118,"column":31},"end":{"line":118,"column":51}},"47":{"start":{"line":119,"column":12},"end":{"line":119,"column":78}},"48":{"start":{"line":122,"column":8},"end":{"line":124,"column":9}},"49":{"start":{"line":123,"column":12},"end":{"line":123,"column":24}},"50":{"start":{"line":126,"column":4},"end":{"line":126,"column":16}},"51":{"start":{"line":137,"column":4},"end":{"line":139,"column":5}},"52":{"start":{"line":138,"column":8},"end":{"line":138,"column":72}},"53":{"start":{"line":140,"column":4},"end":{"line":142,"column":5}},"54":{"start":{"line":141,"column":8},"end":{"line":141,"column":75}},"55":{"start":{"line":143,"column":4},"end":{"line":145,"column":5}},"56":{"start":{"line":144,"column":8},"end":{"line":144,"column":128}},"57":{"start":{"line":146,"column":4},"end":{"line":146,"column":16}},"58":{"start":{"line":157,"column":4},"end":{"line":167,"column":5}},"59":{"start":{"line":158,"column":29},"end":{"line":158,"column":86}},"60":{"start":{"line":159,"column":8},"end":{"line":162,"column":11}},"61":{"start":{"line":163,"column":8},"end":{"line":163,"column":76}},"62":{"start":{"line":164,"column":8},"end":{"line":164,"column":20}},"63":{"start":{"line":166,"column":8},"end":{"line":166,"column":90}},"64":{"start":{"line":177,"column":4},"end":{"line":181,"column":5}},"65":{"start":{"line":178,"column":8},"end":{"line":178,"column":73}},"66":{"start":{"line":180,"column":8},"end":{"line":180,"column":96}}},"fnMap":{"0":{"name":"(anonymous_0)","decl":{"start":{"line":10,"column":4},"end":{"line":10,"column":5}},"loc":{"start":{"line":10,"column":31},"end":{"line":14,"column":5}},"line":10},"1":{"name":"calculateAge","decl":{"start":{"line":24,"column":16},"end":{"line":24,"column":28}},"loc":{"start":{"line":24,"column":32},"end":{"line":55,"column":1}},"line":24},"2":{"name":"validatePostalCode","decl":{"start":{"line":64,"column":16},"end":{"line":64,"column":34}},"loc":{"start":{"line":64,"column":41},"end":{"line":75,"column":1}},"line":64},"3":{"name":"validateIdentity","decl":{"start":{"line":84,"column":16},"end":{"line":84,"column":32}},"loc":{"start":{"line":84,"column":39},"end":{"line":95,"column":1}},"line":84},"4":{"name":"validateEmail","decl":{"start":{"line":104,"column":16},"end":{"line":104,"column":29}},"loc":{"start":{"line":104,"column":37},"end":{"line":127,"column":1}},"line":104},"5":{"name":"(anonymous_5)","decl":{"start":{"line":118,"column":23},"end":{"line":118,"column":24}},"loc":{"start":{"line":118,"column":31},"end":{"line":118,"column":51}},"line":118},"6":{"name":"validateCity","decl":{"start":{"line":136,"column":16},"end":{"line":136,"column":28}},"loc":{"start":{"line":136,"column":35},"end":{"line":147,"column":1}},"line":136},"7":{"name":"saveToLocalStorage","decl":{"start":{"line":156,"column":16},"end":{"line":156,"column":34}},"loc":{"start":{"line":156,"column":45},"end":{"line":168,"column":1}},"line":156},"8":{"name":"getFromLocalStorage","decl":{"start":{"line":176,"column":16},"end":{"line":176,"column":35}},"loc":{"start":{"line":176,"column":38},"end":{"line":182,"column":1}},"line":176}},"branchMap":{"0":{"loc":{"start":{"line":25,"column":4},"end":{"line":27,"column":5}},"type":"if","locations":[{"start":{"line":25,"column":4},"end":{"line":27,"column":5}},{"start":{},"end":{}}],"line":25},"1":{"loc":{"start":{"line":28,"column":4},"end":{"line":30,"column":5}},"type":"if","locations":[{"start":{"line":28,"column":4},"end":{"line":30,"column":5}},{"start":{},"end":{}}],"line":28},"2":{"loc":{"start":{"line":31,"column":4},"end":{"line":33,"column":5}},"type":"if","locations":[{"start":{"line":31,"column":4},"end":{"line":33,"column":5}},{"start":{},"end":{}}],"line":31},"3":{"loc":{"start":{"line":34,"column":4},"end":{"line":36,"column":5}},"type":"if","locations":[{"start":{"line":34,"column":4},"end":{"line":36,"column":5}},{"start":{},"end":{}}],"line":34},"4":{"loc":{"start":{"line":37,"column":4},"end":{"line":39,"column":5}},"type":"if","locations":[{"start":{"line":37,"column":4},"end":{"line":39,"column":5}},{"start":{},"end":{}}],"line":37},"5":{"loc":{"start":{"line":40,"column":4},"end":{"line":42,"column":5}},"type":"if","locations":[{"start":{"line":40,"column":4},"end":{"line":42,"column":5}},{"start":{},"end":{}}],"line":40},"6":{"loc":{"start":{"line":48,"column":4},"end":{"line":50,"column":5}},"type":"if","locations":[{"start":{"line":48,"column":4},"end":{"line":50,"column":5}},{"start":{},"end":{}}],"line":48},"7":{"loc":{"start":{"line":48,"column":8},"end":{"line":48,"column":65}},"type":"binary-expr","locations":[{"start":{"line":48,"column":8},"end":{"line":48,"column":13}},{"start":{"line":48,"column":18},"end":{"line":48,"column":25}},{"start":{"line":48,"column":29},"end":{"line":48,"column":64}}],"line":48},"8":{"loc":{"start":{"line":51,"column":4},"end":{"line":53,"column":5}},"type":"if","locations":[{"start":{"line":51,"column":4},"end":{"line":53,"column":5}},{"start":{},"end":{}}],"line":51},"9":{"loc":{"start":{"line":65,"column":4},"end":{"line":67,"column":5}},"type":"if","locations":[{"start":{"line":65,"column":4},"end":{"line":67,"column":5}},{"start":{},"end":{}}],"line":65},"10":{"loc":{"start":{"line":68,"column":4},"end":{"line":70,"column":5}},"type":"if","locations":[{"start":{"line":68,"column":4},"end":{"line":70,"column":5}},{"start":{},"end":{}}],"line":68},"11":{"loc":{"start":{"line":71,"column":4},"end":{"line":73,"column":5}},"type":"if","locations":[{"start":{"line":71,"column":4},"end":{"line":73,"column":5}},{"start":{},"end":{}}],"line":71},"12":{"loc":{"start":{"line":85,"column":4},"end":{"line":87,"column":5}},"type":"if","locations":[{"start":{"line":85,"column":4},"end":{"line":87,"column":5}},{"start":{},"end":{}}],"line":85},"13":{"loc":{"start":{"line":88,"column":4},"end":{"line":90,"column":5}},"type":"if","locations":[{"start":{"line":88,"column":4},"end":{"line":90,"column":5}},{"start":{},"end":{}}],"line":88},"14":{"loc":{"start":{"line":91,"column":4},"end":{"line":93,"column":5}},"type":"if","locations":[{"start":{"line":91,"column":4},"end":{"line":93,"column":5}},{"start":{},"end":{}}],"line":91},"15":{"loc":{"start":{"line":105,"column":4},"end":{"line":107,"column":5}},"type":"if","locations":[{"start":{"line":105,"column":4},"end":{"line":107,"column":5}},{"start":{},"end":{}}],"line":105},"16":{"loc":{"start":{"line":108,"column":4},"end":{"line":110,"column":5}},"type":"if","locations":[{"start":{"line":108,"column":4},"end":{"line":110,"column":5}},{"start":{},"end":{}}],"line":108},"17":{"loc":{"start":{"line":111,"column":4},"end":{"line":113,"column":5}},"type":"if","locations":[{"start":{"line":111,"column":4},"end":{"line":113,"column":5}},{"start":{},"end":{}}],"line":111},"18":{"loc":{"start":{"line":118,"column":8},"end":{"line":120,"column":9}},"type":"if","locations":[{"start":{"line":118,"column":8},"end":{"line":120,"column":9}},{"start":{},"end":{}}],"line":118},"19":{"loc":{"start":{"line":122,"column":8},"end":{"line":124,"column":9}},"type":"if","locations":[{"start":{"line":122,"column":8},"end":{"line":124,"column":9}},{"start":{},"end":{}}],"line":122},"20":{"loc":{"start":{"line":137,"column":4},"end":{"line":139,"column":5}},"type":"if","locations":[{"start":{"line":137,"column":4},"end":{"line":139,"column":5}},{"start":{},"end":{}}],"line":137},"21":{"loc":{"start":{"line":140,"column":4},"end":{"line":142,"column":5}},"type":"if","locations":[{"start":{"line":140,"column":4},"end":{"line":142,"column":5}},{"start":{},"end":{}}],"line":140},"22":{"loc":{"start":{"line":143,"column":4},"end":{"line":145,"column":5}},"type":"if","locations":[{"start":{"line":143,"column":4},"end":{"line":145,"column":5}},{"start":{},"end":{}}],"line":143},"23":{"loc":{"start":{"line":158,"column":40},"end":{"line":158,"column":85}},"type":"binary-expr","locations":[{"start":{"line":158,"column":40},"end":{"line":158,"column":77}},{"start":{"line":158,"column":81},"end":{"line":158,"column":85}}],"line":158},"24":{"loc":{"start":{"line":178,"column":26},"end":{"line":178,"column":71}},"type":"binary-expr","locations":[{"start":{"line":178,"column":26},"end":{"line":178,"column":63}},{"start":{"line":178,"column":67},"end":{"line":178,"column":71}}],"line":178}},"s":{"0":491,"1":491,"2":491,"3":124,"4":2,"5":122,"6":1,"7":121,"8":1,"9":120,"10":1,"11":119,"12":77,"13":42,"14":4,"15":38,"16":38,"17":38,"18":38,"19":2,"20":38,"21":6,"22":32,"23":116,"24":93,"25":23,"26":1,"27":22,"28":6,"29":16,"30":230,"31":115,"32":115,"33":1,"34":114,"35":12,"36":102,"37":117,"38":68,"39":49,"40":1,"41":48,"42":7,"43":41,"44":41,"45":40,"46":1,"47":1,"48":2,"49":1,"50":40,"51":115,"52":86,"53":29,"54":1,"55":28,"56":4,"57":24,"58":2,"59":2,"60":2,"61":2,"62":1,"63":1,"64":49,"65":49,"66":2},"f":{"0":491,"1":124,"2":116,"3":230,"4":117,"5":1,"6":115,"7":2,"8":49},"b":{"0":[2,122],"1":[1,121],"2":[1,120],"3":[1,119],"4":[77,42],"5":[4,38],"6":[2,36],"7":[38,38,34],"8":[6,32],"9":[93,23],"10":[1,22],"11":[6,16],"12":[115,115],"13":[1,114],"14":[12,102],"15":[68,49],"16":[1,48],"17":[7,41],"18":[1,39],"19":[1,1],"20":[86,29],"21":[1,28],"22":[4,24],"23":[2,2],"24":[49,44]},"_coverageSchema":"1a1c01bbd47fc00a2c39e90264f33305004495a9","hash":"463e6ace5a9a8d863937819f015f9713d09d3c2c"}
}
