{"C:\\Users\\pierr\\Documents\\Ynov\\Cours\\Tests\\Activite1\\my-app\\src\\App.js": {"path":"C:\\Users\\pierr\\Documents\\Ynov\\Cours\\Tests\\Activite1\\my-app\\src\\App.js","statementMap":{"0":{"start":{"line":6,"column":2},"end":{"line":23,"column":4}}},"fnMap":{"0":{"name":"App","decl":{"start":{"line":5,"column":9},"end":{"line":5,"column":12}},"loc":{"start":{"line":5,"column":15},"end":{"line":24,"column":1}},"line":5}},"branchMap":{},"s":{"0":1},"f":{"0":1},"b":{},"_coverageSchema":"1a1c01bbd47fc00a2c39e90264f33305004495a9","hash":"4ee21fe538117c529b605dfa268641eb609577b5"}
,"C:\\Users\\pierr\\Documents\\Ynov\\Cours\\Tests\\Activite1\\my-app\\src\\validator.js": {"path":"C:\\Users\\pierr\\Documents\\Ynov\\Cours\\Tests\\Activite1\\my-app\\src\\validator.js","statementMap":{"0":{"start":{"line":6,"column":8},"end":{"line":6,"column":23}},"1":{"start":{"line":7,"column":8},"end":{"line":7,"column":38}},"2":{"start":{"line":8,"column":8},"end":{"line":8,"column":25}},"3":{"start":{"line":19,"column":4},"end":{"line":21,"column":5}},"4":{"start":{"line":20,"column":8},"end":{"line":20,"column":69}},"5":{"start":{"line":22,"column":4},"end":{"line":24,"column":5}},"6":{"start":{"line":23,"column":8},"end":{"line":23,"column":78}},"7":{"start":{"line":25,"column":4},"end":{"line":27,"column":5}},"8":{"start":{"line":26,"column":8},"end":{"line":26,"column":75}},"9":{"start":{"line":28,"column":4},"end":{"line":30,"column":5}},"10":{"start":{"line":29,"column":8},"end":{"line":29,"column":88}},"11":{"start":{"line":31,"column":4},"end":{"line":33,"column":5}},"12":{"start":{"line":32,"column":8},"end":{"line":32,"column":79}},"13":{"start":{"line":35,"column":18},"end":{"line":35,"column":28}},"14":{"start":{"line":36,"column":14},"end":{"line":36,"column":57}},"15":{"start":{"line":37,"column":14},"end":{"line":37,"column":51}},"16":{"start":{"line":39,"column":4},"end":{"line":41,"column":5}},"17":{"start":{"line":40,"column":8},"end":{"line":40,"column":14}},"18":{"start":{"line":42,"column":4},"end":{"line":44,"column":5}},"19":{"start":{"line":43,"column":8},"end":{"line":43,"column":80}},"20":{"start":{"line":45,"column":4},"end":{"line":45,"column":15}},"21":{"start":{"line":55,"column":4},"end":{"line":57,"column":5}},"22":{"start":{"line":56,"column":8},"end":{"line":56,"column":71}},"23":{"start":{"line":58,"column":4},"end":{"line":60,"column":5}},"24":{"start":{"line":59,"column":8},"end":{"line":59,"column":74}},"25":{"start":{"line":61,"column":4},"end":{"line":63,"column":5}},"26":{"start":{"line":62,"column":8},"end":{"line":62,"column":76}},"27":{"start":{"line":64,"column":4},"end":{"line":64,"column":16}},"28":{"start":{"line":74,"column":4},"end":{"line":76,"column":5}},"29":{"start":{"line":75,"column":8},"end":{"line":75,"column":71}},"30":{"start":{"line":77,"column":4},"end":{"line":79,"column":5}},"31":{"start":{"line":78,"column":8},"end":{"line":78,"column":74}},"32":{"start":{"line":80,"column":4},"end":{"line":82,"column":5}},"33":{"start":{"line":81,"column":8},"end":{"line":81,"column":106}},"34":{"start":{"line":83,"column":4},"end":{"line":83,"column":16}},"35":{"start":{"line":93,"column":4},"end":{"line":95,"column":5}},"36":{"start":{"line":94,"column":8},"end":{"line":94,"column":73}},"37":{"start":{"line":96,"column":4},"end":{"line":98,"column":5}},"38":{"start":{"line":97,"column":8},"end":{"line":97,"column":75}},"39":{"start":{"line":99,"column":4},"end":{"line":101,"column":5}},"40":{"start":{"line":100,"column":8},"end":{"line":100,"column":71}},"41":{"start":{"line":102,"column":4},"end":{"line":102,"column":16}}},"fnMap":{"0":{"name":"(anonymous_0)","decl":{"start":{"line":5,"column":4},"end":{"line":5,"column":5}},"loc":{"start":{"line":5,"column":31},"end":{"line":9,"column":5}},"line":5},"1":{"name":"calculateAge","decl":{"start":{"line":18,"column":16},"end":{"line":18,"column":28}},"loc":{"start":{"line":18,"column":32},"end":{"line":46,"column":1}},"line":18},"2":{"name":"validatePostalCode","decl":{"start":{"line":54,"column":16},"end":{"line":54,"column":34}},"loc":{"start":{"line":54,"column":41},"end":{"line":65,"column":1}},"line":54},"3":{"name":"validateIdentity","decl":{"start":{"line":73,"column":16},"end":{"line":73,"column":32}},"loc":{"start":{"line":73,"column":39},"end":{"line":84,"column":1}},"line":73},"4":{"name":"validateEmail","decl":{"start":{"line":92,"column":16},"end":{"line":92,"column":29}},"loc":{"start":{"line":92,"column":37},"end":{"line":103,"column":1}},"line":92}},"branchMap":{"0":{"loc":{"start":{"line":19,"column":4},"end":{"line":21,"column":5}},"type":"if","locations":[{"start":{"line":19,"column":4},"end":{"line":21,"column":5}},{"start":{},"end":{}}],"line":19},"1":{"loc":{"start":{"line":22,"column":4},"end":{"line":24,"column":5}},"type":"if","locations":[{"start":{"line":22,"column":4},"end":{"line":24,"column":5}},{"start":{},"end":{}}],"line":22},"2":{"loc":{"start":{"line":25,"column":4},"end":{"line":27,"column":5}},"type":"if","locations":[{"start":{"line":25,"column":4},"end":{"line":27,"column":5}},{"start":{},"end":{}}],"line":25},"3":{"loc":{"start":{"line":28,"column":4},"end":{"line":30,"column":5}},"type":"if","locations":[{"start":{"line":28,"column":4},"end":{"line":30,"column":5}},{"start":{},"end":{}}],"line":28},"4":{"loc":{"start":{"line":31,"column":4},"end":{"line":33,"column":5}},"type":"if","locations":[{"start":{"line":31,"column":4},"end":{"line":33,"column":5}},{"start":{},"end":{}}],"line":31},"5":{"loc":{"start":{"line":39,"column":4},"end":{"line":41,"column":5}},"type":"if","locations":[{"start":{"line":39,"column":4},"end":{"line":41,"column":5}},{"start":{},"end":{}}],"line":39},"6":{"loc":{"start":{"line":39,"column":8},"end":{"line":39,"column":65}},"type":"binary-expr","locations":[{"start":{"line":39,"column":8},"end":{"line":39,"column":13}},{"start":{"line":39,"column":18},"end":{"line":39,"column":25}},{"start":{"line":39,"column":29},"end":{"line":39,"column":64}}],"line":39},"7":{"loc":{"start":{"line":42,"column":4},"end":{"line":44,"column":5}},"type":"if","locations":[{"start":{"line":42,"column":4},"end":{"line":44,"column":5}},{"start":{},"end":{}}],"line":42},"8":{"loc":{"start":{"line":55,"column":4},"end":{"line":57,"column":5}},"type":"if","locations":[{"start":{"line":55,"column":4},"end":{"line":57,"column":5}},{"start":{},"end":{}}],"line":55},"9":{"loc":{"start":{"line":58,"column":4},"end":{"line":60,"column":5}},"type":"if","locations":[{"start":{"line":58,"column":4},"end":{"line":60,"column":5}},{"start":{},"end":{}}],"line":58},"10":{"loc":{"start":{"line":61,"column":4},"end":{"line":63,"column":5}},"type":"if","locations":[{"start":{"line":61,"column":4},"end":{"line":63,"column":5}},{"start":{},"end":{}}],"line":61},"11":{"loc":{"start":{"line":74,"column":4},"end":{"line":76,"column":5}},"type":"if","locations":[{"start":{"line":74,"column":4},"end":{"line":76,"column":5}},{"start":{},"end":{}}],"line":74},"12":{"loc":{"start":{"line":77,"column":4},"end":{"line":79,"column":5}},"type":"if","locations":[{"start":{"line":77,"column":4},"end":{"line":79,"column":5}},{"start":{},"end":{}}],"line":77},"13":{"loc":{"start":{"line":80,"column":4},"end":{"line":82,"column":5}},"type":"if","locations":[{"start":{"line":80,"column":4},"end":{"line":82,"column":5}},{"start":{},"end":{}}],"line":80},"14":{"loc":{"start":{"line":93,"column":4},"end":{"line":95,"column":5}},"type":"if","locations":[{"start":{"line":93,"column":4},"end":{"line":95,"column":5}},{"start":{},"end":{}}],"line":93},"15":{"loc":{"start":{"line":96,"column":4},"end":{"line":98,"column":5}},"type":"if","locations":[{"start":{"line":96,"column":4},"end":{"line":98,"column":5}},{"start":{},"end":{}}],"line":96},"16":{"loc":{"start":{"line":99,"column":4},"end":{"line":101,"column":5}},"type":"if","locations":[{"start":{"line":99,"column":4},"end":{"line":101,"column":5}},{"start":{},"end":{}}],"line":99}},"s":{"0":22,"1":22,"2":22,"3":12,"4":2,"5":10,"6":1,"7":9,"8":1,"9":8,"10":1,"11":7,"12":1,"13":6,"14":6,"15":6,"16":6,"17":2,"18":6,"19":3,"20":3,"21":6,"22":1,"23":5,"24":1,"25":4,"26":3,"27":1,"28":8,"29":1,"30":7,"31":1,"32":6,"33":3,"34":3,"35":4,"36":1,"37":3,"38":1,"39":2,"40":1,"41":1},"f":{"0":22,"1":12,"2":6,"3":8,"4":4},"b":{"0":[2,10],"1":[1,9],"2":[1,8],"3":[1,7],"4":[1,6],"5":[2,4],"6":[6,6,6],"7":[3,3],"8":[1,5],"9":[1,4],"10":[3,1],"11":[1,7],"12":[1,6],"13":[3,3],"14":[1,3],"15":[1,2],"16":[1,1]},"_coverageSchema":"1a1c01bbd47fc00a2c39e90264f33305004495a9","hash":"96c8f45e5c10bb552e83ca561ff8348397469fdf"}
}
