TN:
SF:src\App.js
FN:28,App
FN:35,(anonymous_1)
FN:36,(anonymous_2)
FN:62,(anonymous_3)
FN:98,(anonymous_4)
FNF:5
FNH:5
FNDA:38,App
FNDA:12,(anonymous_1)
FNDA:12,(anonymous_2)
FNDA:5,(anonymous_3)
FNDA:1,(anonymous_4)
DA:30,38
DA:31,38
DA:32,38
DA:35,38
DA:36,12
DA:37,12
DA:38,12
DA:39,12
DA:40,9
DA:41,9
DA:43,3
DA:44,3
DA:45,3
DA:46,2
DA:48,3
DA:50,12
DA:53,12
DA:62,38
DA:63,5
DA:65,5
DA:66,5
DA:67,1
DA:68,1
DA:70,4
DA:72,4
DA:73,4
DA:74,3
DA:75,1
DA:76,2
DA:77,1
DA:81,4
DA:85,38
DA:98,1
LF:33
LH:33
BRDA:45,0,0,2
BRDA:45,0,1,1
BRDA:45,1,0,3
BRDA:45,1,1,2
BRDA:73,2,0,3
BRDA:73,2,1,1
BRDA:74,3,0,1
BRDA:74,3,1,2
BRDA:76,4,0,1
BRDA:76,4,1,1
BRDA:102,5,0,12
BRDA:102,5,1,26
BRF:12
BRH:12
end_of_record
TN:
SF:src\components\Toast.js
FN:17,(anonymous_0)
FN:19,(anonymous_1)
FN:22,(anonymous_2)
FN:25,(anonymous_3)
FNF:4
FNH:4
FNDA:625,(anonymous_0)
FNDA:498,(anonymous_1)
FNDA:1,(anonymous_2)
FNDA:19,(anonymous_3)
DA:17,3
DA:19,625
DA:21,498
DA:22,19
DA:23,1
DA:25,19
DA:29,625
DA:31,46
LF:8
LH:8
BRDA:17,0,0,3
BRDA:17,1,0,624
BRDA:21,2,0,19
BRDA:21,2,1,479
BRDA:21,3,0,498
BRDA:21,3,1,46
BRDA:21,3,2,46
BRDA:21,3,3,20
BRDA:29,4,0,579
BRDA:29,4,1,46
BRDA:34,5,0,46
BRDA:34,5,1,20
BRDA:34,5,2,19
BRF:13
BRH:13
end_of_record
TN:
SF:src\pages\Home.js
FN:27,(anonymous_0)
FN:43,(anonymous_1)
FNF:2
FNH:2
FNDA:22,(anonymous_0)
FNDA:4,(anonymous_1)
DA:27,2
DA:28,22
DA:45,4
DA:46,4
DA:47,4
DA:49,4
LF:6
LH:6
BRDA:27,0,0,1
BRDA:31,1,0,22
BRDA:31,1,1,3
BRDA:33,2,0,1
BRDA:33,2,1,2
BRDA:38,3,0,19
BRDA:38,3,1,3
BRDA:45,4,0,4
BRDA:45,4,1,4
BRDA:46,5,0,4
BRDA:46,5,1,4
BRDA:47,6,0,4
BRDA:47,6,1,4
BRDA:53,7,0,4
BRDA:53,7,1,3
BRDA:57,8,0,4
BRDA:57,8,1,4
BRF:17
BRH:17
end_of_record
TN:
SF:src\pages\NotFound.js
FN:16,(anonymous_0)
FNF:1
FNH:1
FNDA:6,(anonymous_0)
DA:16,2
DA:17,6
LF:2
LH:2
BRF:0
BRH:0
end_of_record
TN:
SF:src\pages\RegistrationForm.js
FN:23,(anonymous_0)
FN:43,(anonymous_1)
FN:45,(anonymous_2)
FN:52,(anonymous_3)
FN:70,(anonymous_4)
FN:85,(anonymous_5)
FN:95,(anonymous_6)
FN:107,(anonymous_7)
FN:156,(anonymous_8)
FN:206,(anonymous_9)
FN:212,(anonymous_10)
FN:212,(anonymous_11)
FNF:12
FNH:12
FNDA:181,(anonymous_0)
FNDA:99,(anonymous_1)
FNDA:99,(anonymous_2)
FNDA:2,(anonymous_3)
FNDA:10,(anonymous_4)
FNDA:9,(anonymous_5)
FNDA:181,(anonymous_6)
FNDA:196,(anonymous_7)
FNDA:15,(anonymous_8)
FNDA:1,(anonymous_9)
FNDA:1,(anonymous_10)
FNDA:1,(anonymous_11)
DA:23,2
DA:24,181
DA:33,181
DA:34,181
DA:35,181
DA:43,181
DA:44,99
DA:45,99
DA:51,99
DA:52,2
DA:59,99
DA:60,1
DA:70,181
DA:71,10
DA:72,10
DA:73,10
DA:74,10
DA:75,8
DA:76,7
DA:77,5
DA:78,4
DA:79,3
DA:81,9
DA:84,10
DA:85,9
DA:95,181
DA:96,181
DA:97,181
DA:107,181
DA:108,196
DA:110,196
DA:111,196
DA:113,74
DA:116,196
DA:117,196
DA:119,93
DA:122,196
DA:123,196
DA:125,105
DA:128,196
DA:129,196
DA:131,149
DA:134,196
DA:135,196
DA:137,121
DA:140,196
DA:141,196
DA:143,135
DA:146,196
DA:156,181
DA:157,15
DA:159,15
DA:161,15
DA:162,14
DA:163,14
DA:165,14
DA:166,13
DA:168,8
DA:169,8
DA:171,8
DA:180,6
DA:182,14
DA:185,1
DA:186,1
DA:190,181
DA:206,1
DA:212,1
LF:67
LH:67
BRDA:23,0,0,122
BRDA:51,1,0,2
BRDA:51,1,1,97
BRDA:59,2,0,1
BRDA:59,2,1,98
BRDA:74,3,0,3
BRDA:74,3,1,7
BRDA:75,4,0,1
BRDA:75,4,1,7
BRDA:76,5,0,2
BRDA:76,5,1,5
BRDA:77,6,0,1
BRDA:77,6,1,4
BRDA:78,7,0,1
BRDA:78,7,1,3
BRDA:79,8,0,2
BRDA:79,8,1,1
BRDA:84,9,0,9
BRDA:84,9,1,1
BRDA:161,10,0,14
BRDA:161,10,1,1
BRDA:165,11,0,13
BRDA:165,11,1,1
BRDA:216,12,0,12
BRDA:216,12,1,169
BRDA:232,13,0,3
BRDA:232,13,1,178
BRDA:235,14,0,181
BRDA:235,14,1,3
BRDA:251,15,0,2
BRDA:251,15,1,179
BRDA:254,16,0,181
BRDA:254,16,1,2
BRDA:270,17,0,3
BRDA:270,17,1,178
BRDA:273,18,0,181
BRDA:273,18,1,3
BRDA:289,19,0,3
BRDA:289,19,1,178
BRDA:293,20,0,181
BRDA:293,20,1,3
BRDA:309,21,0,2
BRDA:309,21,1,179
BRDA:312,22,0,181
BRDA:312,22,1,2
BRDA:328,23,0,2
BRDA:328,23,1,179
BRDA:332,24,0,181
BRDA:332,24,1,2
BRDA:339,25,0,181
BRDA:339,25,1,33
BRF:51
BRH:51
end_of_record
TN:
SF:src\services\api.js
FN:5,(anonymous_0)
FN:10,(anonymous_1)
FNF:2
FNH:2
FNDA:14,(anonymous_0)
FNDA:5,(anonymous_1)
DA:3,3
DA:5,3
DA:6,14
DA:7,11
DA:10,3
DA:11,5
DA:12,1
DA:15,3
LF:8
LH:8
BRDA:3,0,0,3
BRDA:3,0,1,1
BRF:2
BRH:2
end_of_record
TN:
SF:src\styles\Home.css
FNF:0
FNH:0
DA:1,2
LF:1
LH:1
BRF:0
BRH:0
end_of_record
TN:
SF:src\utils\validator.js
FN:10,(anonymous_0)
FN:24,calculateAge
FN:64,validatePostalCode
FN:84,validateIdentity
FN:105,validateEmail
FN:127,(anonymous_5)
FN:140,validateCity
FN:160,saveToLocalStorage
FN:180,getFromLocalStorage
FNF:9
FNH:9
FNDA:716,(anonymous_0)
FNDA:211,calculateAge
FNDA:203,validatePostalCode
FNDA:404,validateIdentity
FNDA:204,validateEmail
FNDA:1,(anonymous_5)
FNDA:202,validateCity
FNDA:2,saveToLocalStorage
FNDA:6,getFromLocalStorage
DA:11,716
DA:12,716
DA:13,716
DA:25,211
DA:26,2
DA:28,209
DA:29,1
DA:31,208
DA:32,1
DA:34,207
DA:35,1
DA:37,206
DA:38,118
DA:40,88
DA:41,4
DA:44,84
DA:45,84
DA:46,84
DA:48,84
DA:49,2
DA:51,84
DA:52,6
DA:54,78
DA:65,203
DA:66,148
DA:68,55
DA:69,1
DA:71,54
DA:72,6
DA:74,48
DA:85,404
DA:86,162
DA:88,242
DA:89,1
DA:91,241
DA:92,12
DA:94,229
DA:106,204
DA:107,102
DA:109,102
DA:110,1
DA:112,101
DA:113,7
DA:117,94
DA:119,94
DA:120,3
DA:121,3
DA:123,1
DA:127,94
DA:128,1
DA:130,93
DA:141,202
DA:142,134
DA:144,68
DA:145,1
DA:147,67
DA:148,4
DA:150,63
DA:161,2
DA:162,2
DA:163,2
DA:167,2
DA:168,1
DA:170,1
DA:181,6
DA:182,6
DA:184,2
LF:67
LH:67
BRDA:25,0,0,2
BRDA:25,0,1,209
BRDA:28,1,0,1
BRDA:28,1,1,208
BRDA:31,2,0,1
BRDA:31,2,1,207
BRDA:34,3,0,1
BRDA:34,3,1,206
BRDA:37,4,0,118
BRDA:37,4,1,88
BRDA:40,5,0,4
BRDA:40,5,1,84
BRDA:48,6,0,2
BRDA:48,6,1,82
BRDA:48,7,0,84
BRDA:48,7,1,84
BRDA:48,7,2,55
BRDA:51,8,0,6
BRDA:51,8,1,78
BRDA:65,9,0,148
BRDA:65,9,1,55
BRDA:68,10,0,1
BRDA:68,10,1,54
BRDA:71,11,0,6
BRDA:71,11,1,48
BRDA:85,12,0,162
BRDA:85,12,1,242
BRDA:88,13,0,1
BRDA:88,13,1,241
BRDA:91,14,0,12
BRDA:91,14,1,229
BRDA:105,15,0,6
BRDA:106,16,0,102
BRDA:106,16,1,102
BRDA:109,17,0,1
BRDA:109,17,1,101
BRDA:112,18,0,7
BRDA:112,18,1,94
BRDA:119,19,0,3
BRDA:119,19,1,91
BRDA:127,20,0,1
BRDA:127,20,1,93
BRDA:141,21,0,134
BRDA:141,21,1,68
BRDA:144,22,0,1
BRDA:144,22,1,67
BRDA:147,23,0,4
BRDA:147,23,1,63
BRDA:162,24,0,2
BRDA:162,24,1,2
BRDA:182,25,0,6
BRDA:182,25,1,2
BRF:52
BRH:52
end_of_record
