TN:
SF:src\App.js
FN:26,App
FN:31,(anonymous_1)
FN:46,(anonymous_2)
FNF:3
FNH:3
FNDA:10,App
FNDA:5,(anonymous_1)
FNDA:1,(anonymous_2)
DA:28,10
DA:31,10
DA:32,5
DA:33,5
DA:34,4
DA:36,1
DA:46,10
DA:47,1
DA:48,1
DA:49,1
DA:50,1
DA:53,10
LF:12
LH:12
BRF:0
BRH:0
end_of_record
TN:
SF:src\pages\Home.js
FN:27,(anonymous_0)
FN:43,(anonymous_1)
FNF:2
FNH:2
FNDA:11,(anonymous_0)
FNDA:3,(anonymous_1)
DA:27,2
DA:28,11
DA:44,3
LF:3
LH:3
BRDA:27,0,0,1
BRDA:31,1,0,11
BRDA:31,1,1,2
BRDA:33,2,0,1
BRDA:33,2,1,1
BRDA:38,3,0,9
BRDA:38,3,1,2
BRF:7
BRH:7
end_of_record
TN:
SF:src\pages\RegistrationForm.js
FN:21,(anonymous_0)
FN:40,(anonymous_1)
FN:42,(anonymous_2)
FN:49,(anonymous_3)
FN:67,(anonymous_4)
FN:82,(anonymous_5)
FN:92,(anonymous_6)
FN:104,(anonymous_7)
FN:153,(anonymous_8)
FNF:9
FNH:9
FNDA:101,(anonymous_0)
FNDA:57,(anonymous_1)
FNDA:57,(anonymous_2)
FNDA:2,(anonymous_3)
FNDA:10,(anonymous_4)
FNDA:9,(anonymous_5)
FNDA:101,(anonymous_6)
FNDA:109,(anonymous_7)
FNDA:8,(anonymous_8)
DA:21,2
DA:22,101
DA:31,101
DA:32,101
DA:40,101
DA:41,57
DA:42,57
DA:48,57
DA:49,2
DA:56,57
DA:57,1
DA:67,101
DA:68,10
DA:69,10
DA:70,10
DA:71,10
DA:72,8
DA:73,7
DA:74,5
DA:75,4
DA:76,3
DA:78,9
DA:81,10
DA:82,9
DA:92,101
DA:93,101
DA:94,101
DA:104,101
DA:105,109
DA:107,109
DA:108,109
DA:110,54
DA:113,109
DA:114,109
DA:116,66
DA:119,109
DA:120,109
DA:122,71
DA:125,109
DA:126,109
DA:128,94
DA:131,109
DA:132,109
DA:134,80
DA:137,109
DA:138,109
DA:140,87
DA:143,109
DA:153,101
DA:154,8
DA:156,8
DA:158,8
DA:159,7
DA:161,7
DA:162,6
DA:164,6
DA:165,6
DA:167,6
DA:176,1
DA:179,1
DA:180,1
DA:184,101
LF:62
LH:62
BRDA:48,0,0,2
BRDA:48,0,1,55
BRDA:56,1,0,1
BRDA:56,1,1,56
BRDA:71,2,0,3
BRDA:71,2,1,7
BRDA:72,3,0,1
BRDA:72,3,1,7
BRDA:73,4,0,2
BRDA:73,4,1,5
BRDA:74,5,0,1
BRDA:74,5,1,4
BRDA:75,6,0,1
BRDA:75,6,1,3
BRDA:76,7,0,2
BRDA:76,7,1,1
BRDA:81,8,0,9
BRDA:81,8,1,1
BRDA:158,9,0,7
BRDA:158,9,1,1
BRDA:161,10,0,6
BRDA:161,10,1,1
BRDA:188,11,0,101
BRDA:188,11,1,6
BRDA:204,12,0,3
BRDA:204,12,1,98
BRDA:207,13,0,101
BRDA:207,13,1,3
BRDA:223,14,0,2
BRDA:223,14,1,99
BRDA:226,15,0,101
BRDA:226,15,1,2
BRDA:242,16,0,3
BRDA:242,16,1,98
BRDA:245,17,0,101
BRDA:245,17,1,3
BRDA:261,18,0,3
BRDA:261,18,1,98
BRDA:265,19,0,101
BRDA:265,19,1,3
BRDA:281,20,0,2
BRDA:281,20,1,99
BRDA:284,21,0,101
BRDA:284,21,1,2
BRDA:300,22,0,2
BRDA:300,22,1,99
BRDA:304,23,0,101
BRDA:304,23,1,2
BRDA:311,24,0,101
BRDA:311,24,1,1
BRF:50
BRH:50
end_of_record
TN:
SF:src\styles\Home.css
FNF:0
FNH:0
DA:1,2
LF:1
LH:1
BRF:0
BRH:0
end_of_record
TN:
SF:src\utils\validator.js
FN:10,(anonymous_0)
FN:24,calculateAge
FN:64,validatePostalCode
FN:84,validateIdentity
FN:104,validateEmail
FN:118,(anonymous_5)
FN:136,validateCity
FN:156,saveToLocalStorage
FN:176,getFromLocalStorage
FNF:9
FNH:9
FNDA:491,(anonymous_0)
FNDA:124,calculateAge
FNDA:116,validatePostalCode
FNDA:230,validateIdentity
FNDA:117,validateEmail
FNDA:1,(anonymous_5)
FNDA:115,validateCity
FNDA:2,saveToLocalStorage
FNDA:48,getFromLocalStorage
DA:11,491
DA:12,491
DA:13,491
DA:25,124
DA:26,2
DA:28,122
DA:29,1
DA:31,121
DA:32,1
DA:34,120
DA:35,1
DA:37,119
DA:38,77
DA:40,42
DA:41,4
DA:44,38
DA:45,38
DA:46,38
DA:48,38
DA:49,2
DA:51,38
DA:52,6
DA:54,32
DA:65,116
DA:66,93
DA:68,23
DA:69,1
DA:71,22
DA:72,6
DA:74,16
DA:85,230
DA:86,115
DA:88,115
DA:89,1
DA:91,114
DA:92,12
DA:94,102
DA:105,117
DA:106,68
DA:108,49
DA:109,1
DA:111,48
DA:112,7
DA:116,41
DA:117,41
DA:118,40
DA:119,1
DA:122,2
DA:123,1
DA:126,40
DA:137,115
DA:138,86
DA:140,29
DA:141,1
DA:143,28
DA:144,4
DA:146,24
DA:157,2
DA:158,2
DA:159,2
DA:163,2
DA:164,1
DA:166,1
DA:177,48
DA:178,48
DA:180,2
LF:66
LH:66
BRDA:25,0,0,2
BRDA:25,0,1,122
BRDA:28,1,0,1
BRDA:28,1,1,121
BRDA:31,2,0,1
BRDA:31,2,1,120
BRDA:34,3,0,1
BRDA:34,3,1,119
BRDA:37,4,0,77
BRDA:37,4,1,42
BRDA:40,5,0,4
BRDA:40,5,1,38
BRDA:48,6,0,2
BRDA:48,6,1,36
BRDA:48,7,0,38
BRDA:48,7,1,38
BRDA:48,7,2,34
BRDA:51,8,0,6
BRDA:51,8,1,32
BRDA:65,9,0,93
BRDA:65,9,1,23
BRDA:68,10,0,1
BRDA:68,10,1,22
BRDA:71,11,0,6
BRDA:71,11,1,16
BRDA:85,12,0,115
BRDA:85,12,1,115
BRDA:88,13,0,1
BRDA:88,13,1,114
BRDA:91,14,0,12
BRDA:91,14,1,102
BRDA:105,15,0,68
BRDA:105,15,1,49
BRDA:108,16,0,1
BRDA:108,16,1,48
BRDA:111,17,0,7
BRDA:111,17,1,41
BRDA:118,18,0,1
BRDA:118,18,1,39
BRDA:122,19,0,1
BRDA:122,19,1,1
BRDA:137,20,0,86
BRDA:137,20,1,29
BRDA:140,21,0,1
BRDA:140,21,1,28
BRDA:143,22,0,4
BRDA:143,22,1,24
BRDA:158,23,0,2
BRDA:158,23,1,2
BRDA:178,24,0,48
BRDA:178,24,1,44
BRF:51
BRH:51
end_of_record
