<?xml version="1.0" encoding="UTF-8"?>
<coverage generated="1770385864221" clover="3.2.0">
  <project timestamp="1770385864221" name="All files">
    <metrics statements="36" coveredstatements="36" conditionals="34" coveredconditionals="34" methods="2" coveredmethods="2" elements="72" coveredelements="72" complexity="0" loc="36" ncloc="36" packages="2" files="2" classes="2"/>
    <package name="module">
      <metrics statements="18" coveredstatements="18" conditionals="17" coveredconditionals="17" methods="1" coveredmethods="1"/>
      <file name="module.js" path="C:\Users\pierr\Documents\Ynov\Cours\Tests\Activite1\module\module.js">
        <metrics statements="18" coveredstatements="18" conditionals="17" coveredconditionals="17" methods="1" coveredmethods="1"/>
        <line num="8" count="20" type="cond" truecount="2" falsecount="0"/>
        <line num="9" count="2" type="stmt"/>
        <line num="11" count="18" type="cond" truecount="2" falsecount="0"/>
        <line num="12" count="2" type="stmt"/>
        <line num="14" count="16" type="cond" truecount="2" falsecount="0"/>
        <line num="15" count="2" type="stmt"/>
        <line num="17" count="14" type="cond" truecount="2" falsecount="0"/>
        <line num="18" count="2" type="stmt"/>
        <line num="20" count="12" type="cond" truecount="2" falsecount="0"/>
        <line num="21" count="2" type="stmt"/>
        <line num="24" count="10" type="stmt"/>
        <line num="25" count="10" type="stmt"/>
        <line num="26" count="10" type="stmt"/>
        <line num="28" count="10" type="cond" truecount="5" falsecount="0"/>
        <line num="29" count="2" type="stmt"/>
        <line num="31" count="10" type="cond" truecount="2" falsecount="0"/>
        <line num="32" count="6" type="stmt"/>
        <line num="34" count="4" type="stmt"/>
      </file>
    </package>
    <package name="src">
      <metrics statements="18" coveredstatements="18" conditionals="17" coveredconditionals="17" methods="1" coveredmethods="1"/>
      <file name="validator.js" path="C:\Users\pierr\Documents\Ynov\Cours\Tests\Activite1\src\validator.js">
        <metrics statements="18" coveredstatements="18" conditionals="17" coveredconditionals="17" methods="1" coveredmethods="1"/>
        <line num="8" count="10" type="cond" truecount="2" falsecount="0"/>
        <line num="9" count="1" type="stmt"/>
        <line num="11" count="9" type="cond" truecount="2" falsecount="0"/>
        <line num="12" count="1" type="stmt"/>
        <line num="14" count="8" type="cond" truecount="2" falsecount="0"/>
        <line num="15" count="1" type="stmt"/>
        <line num="17" count="7" type="cond" truecount="2" falsecount="0"/>
        <line num="18" count="1" type="stmt"/>
        <line num="20" count="6" type="cond" truecount="2" falsecount="0"/>
        <line num="21" count="1" type="stmt"/>
        <line num="24" count="5" type="stmt"/>
        <line num="25" count="5" type="stmt"/>
        <line num="26" count="5" type="stmt"/>
        <line num="28" count="5" type="cond" truecount="5" falsecount="0"/>
        <line num="29" count="1" type="stmt"/>
        <line num="31" count="5" type="cond" truecount="2" falsecount="0"/>
        <line num="32" count="3" type="stmt"/>
        <line num="34" count="2" type="stmt"/>
      </file>
    </package>
  </project>
</coverage>
