TN:
SF:module\module.js
FN:7,calculateAge
FNF:1
FNH:1
FNDA:20,calculateAge
DA:8,20
DA:9,2
DA:11,18
DA:12,2
DA:14,16
DA:15,2
DA:17,14
DA:18,2
DA:20,12
DA:21,2
DA:24,10
DA:25,10
DA:26,10
DA:28,10
DA:29,2
DA:31,10
DA:32,6
DA:34,4
LF:18
LH:18
BRDA:8,0,0,2
BRDA:8,0,1,18
BRDA:11,1,0,2
BRDA:11,1,1,16
BRDA:14,2,0,2
BRDA:14,2,1,14
BRDA:17,3,0,2
BRDA:17,3,1,12
BRDA:20,4,0,2
BRDA:20,4,1,10
BRDA:28,5,0,2
BRDA:28,5,1,8
BRDA:28,6,0,10
BRDA:28,6,1,10
BRDA:28,6,2,10
BRDA:31,7,0,6
BRDA:31,7,1,4
BRF:17
BRH:17
end_of_record
TN:
SF:src\validator.js
FN:7,calculateAge
FN:43,validatePostalCode
FNF:2
FNH:2
FNDA:10,calculateAge
FNDA:6,validatePostalCode
DA:8,10
DA:9,1
DA:11,9
DA:12,1
DA:14,8
DA:15,1
DA:17,7
DA:18,1
DA:20,6
DA:21,1
DA:24,5
DA:25,5
DA:26,5
DA:28,5
DA:29,1
DA:31,5
DA:32,3
DA:34,2
DA:44,6
DA:45,1
DA:47,5
DA:48,1
DA:50,4
DA:51,3
DA:53,1
LF:25
LH:25
BRDA:8,0,0,1
BRDA:8,0,1,9
BRDA:11,1,0,1
BRDA:11,1,1,8
BRDA:14,2,0,1
BRDA:14,2,1,7
BRDA:17,3,0,1
BRDA:17,3,1,6
BRDA:20,4,0,1
BRDA:20,4,1,5
BRDA:28,5,0,1
BRDA:28,5,1,4
BRDA:28,6,0,5
BRDA:28,6,1,5
BRDA:28,6,2,5
BRDA:31,7,0,3
BRDA:31,7,1,2
BRDA:44,8,0,1
BRDA:44,8,1,5
BRDA:47,9,0,1
BRDA:47,9,1,4
BRDA:50,10,0,3
BRDA:50,10,1,1
BRF:23
BRH:23
end_of_record
