TN:
SF:module\module.js
FN:7,calculateAge
FNF:1
FNH:1
FNDA:20,calculateAge
DA:8,20
DA:9,2
DA:11,18
DA:12,2
DA:14,16
DA:15,2
DA:17,14
DA:18,2
DA:20,12
DA:21,2
DA:24,10
DA:25,10
DA:26,10
DA:28,10
DA:29,2
DA:31,10
DA:32,6
DA:34,4
LF:18
LH:18
BRDA:8,0,0,2
BRDA:8,0,1,18
BRDA:11,1,0,2
BRDA:11,1,1,16
BRDA:14,2,0,2
BRDA:14,2,1,14
BRDA:17,3,0,2
BRDA:17,3,1,12
BRDA:20,4,0,2
BRDA:20,4,1,10
BRDA:28,5,0,2
BRDA:28,5,1,8
BRDA:28,6,0,10
BRDA:28,6,1,10
BRDA:28,6,2,10
BRDA:31,7,0,6
BRDA:31,7,1,4
BRF:17
BRH:17
end_of_record
TN:
SF:src\validator.js
FN:7,calculateAge
FN:43,validatePostalCode
FN:62,validateIdentity
FN:81,validateEmail
FNF:4
FNH:4
FNDA:10,calculateAge
FNDA:6,validatePostalCode
FNDA:7,validateIdentity
FNDA:4,validateEmail
DA:8,10
DA:9,1
DA:11,9
DA:12,1
DA:14,8
DA:15,1
DA:17,7
DA:18,1
DA:20,6
DA:21,1
DA:24,5
DA:25,5
DA:26,5
DA:28,5
DA:29,1
DA:31,5
DA:32,3
DA:34,2
DA:44,6
DA:45,1
DA:47,5
DA:48,1
DA:50,4
DA:51,3
DA:53,1
DA:63,7
DA:64,1
DA:66,6
DA:67,1
DA:69,5
DA:70,2
DA:72,3
DA:82,4
DA:83,1
DA:85,3
DA:86,1
DA:88,2
DA:89,1
DA:91,1
LF:39
LH:39
BRDA:8,0,0,1
BRDA:8,0,1,9
BRDA:11,1,0,1
BRDA:11,1,1,8
BRDA:14,2,0,1
BRDA:14,2,1,7
BRDA:17,3,0,1
BRDA:17,3,1,6
BRDA:20,4,0,1
BRDA:20,4,1,5
BRDA:28,5,0,1
BRDA:28,5,1,4
BRDA:28,6,0,5
BRDA:28,6,1,5
BRDA:28,6,2,5
BRDA:31,7,0,3
BRDA:31,7,1,2
BRDA:44,8,0,1
BRDA:44,8,1,5
BRDA:47,9,0,1
BRDA:47,9,1,4
BRDA:50,10,0,3
BRDA:50,10,1,1
BRDA:63,11,0,1
BRDA:63,11,1,6
BRDA:66,12,0,1
BRDA:66,12,1,5
BRDA:69,13,0,2
BRDA:69,13,1,3
BRDA:82,14,0,1
BRDA:82,14,1,3
BRDA:85,15,0,1
BRDA:85,15,1,2
BRDA:88,16,0,1
BRDA:88,16,1,1
BRF:35
BRH:35
end_of_record
